<?xml version="1.0" encoding="UTF-8"?>
<!-- Generated by org.testng.reporters.JUnitReportReporter -->
<testsuite hostname="DNIS-312" name="tests.LoginTest51" tests="2" failures="0" timestamp="11 Aug 2014 10:42:36 GMT" time="45.081" errors="0">
  <testcase name="logout51" time="10.145" classname="tests.LoginTest51"/>
  <testcase name="login51" time="34.936" classname="tests.LoginTest51"/>
</testsuite> <!-- tests.LoginTest51 -->
