<?xml version="1.0" encoding="UTF-8"?>
<!-- Generated by org.testng.reporters.JUnitReportReporter -->
<testsuite hostname="DNIS-312" name="tests.LoginTest51" tests="2" failures="0" timestamp="19 Aug 2014 12:04:39 GMT" time="50.250" errors="0">
  <testcase name="logout51" time="8.144" classname="tests.LoginTest51"/>
  <testcase name="login51" time="42.106" classname="tests.LoginTest51"/>
</testsuite> <!-- tests.LoginTest51 -->
