<?xml version="1.0" encoding="UTF-8"?>
<!-- Generated by org.testng.reporters.JUnitReportReporter -->
<testsuite hostname="DNIS-312" name="tests.LoginTest51" tests="2" failures="0" timestamp="20 Aug 2014 07:17:26 GMT" time="24.778" errors="0">
  <testcase name="logout51" time="8.708" classname="tests.LoginTest51"/>
  <testcase name="login51" time="16.070" classname="tests.LoginTest51"/>
</testsuite> <!-- tests.LoginTest51 -->
